This file contains any messages produced by compilers while
running configure, to aid debugging if configure makes a mistake.

It was created by GNU Aspell configure 0.60, which was
generated by GNU Autoconf 2.69.  Invocation command line was

  $ ./configure 

## --------- ##
## Platform. ##
## --------- ##

hostname = ubuvb
uname -m = x86_64
uname -r = 5.0.0-27-generic
uname -s = Linux
uname -v = #28-Ubuntu SMP Tue Aug 20 19:53:07 UTC 2019

/usr/bin/uname -p = unknown
/bin/uname -X     = unknown

/bin/arch              = unknown
/usr/bin/arch -k       = unknown
/usr/convex/getsysinfo = unknown
/usr/bin/hostinfo      = unknown
/bin/machine           = unknown
/usr/bin/oslevel       = unknown
/bin/universe          = unknown

PATH: /home/peterglen/miniconda3/bin
PATH: /home/peterglen/esp/esp-idf/tools
PATH: /home/peterglen/esp/esp32ulp-elf-binutils/bin
PATH: /home/peterglen/esp/xtensa-esp32-elf/bin
PATH: /home/peterglen/.local/bin
PATH: /home/peterglen/bin
PATH: /usr/local/sbin
PATH: /usr/local/bin
PATH: /usr/sbin
PATH: /usr/bin
PATH: /sbin
PATH: /bin
PATH: /usr/games
PATH: /usr/local/games
PATH: /snap/bin


## ----------- ##
## Core tests. ##
## ----------- ##

configure:2252: checking build system type
configure:2266: result: x86_64-unknown-linux-gnu
configure:2286: checking host system type
configure:2299: result: x86_64-unknown-linux-gnu
configure:2319: checking target system type
configure:2332: result: x86_64-unknown-linux-gnu
configure:2375: checking for a BSD-compatible install
configure:2443: result: /usr/bin/install -c
configure:2454: checking whether build environment is sane
configure:2509: result: yes
configure:2545: WARNING: 'missing' script is too old or missing
configure:2658: checking for a thread-safe mkdir -p
configure:2697: result: /bin/mkdir -p
configure:2704: checking for gawk
configure:2734: result: no
configure:2704: checking for mawk
configure:2720: found /usr/bin/mawk
configure:2731: result: mawk
configure:2742: checking whether make sets $(MAKE)
configure:2764: result: yes
configure:2793: checking whether make supports nested variables
configure:2810: result: yes
configure:2940: checking whether to enable maintainer-specific portions of Makefiles
configure:2949: result: no
configure:3117: checking for g++
configure:3133: found /usr/bin/g++
configure:3144: result: g++
configure:3171: checking for C++ compiler version
configure:3180: g++ --version >&5
g++ (Ubuntu 8.3.0-6ubuntu1) 8.3.0
Copyright (C) 2018 Free Software Foundation, Inc.
This is free software; see the source for copying conditions.  There is NO
warranty; not even for MERCHANTABILITY or FITNESS FOR A PARTICULAR PURPOSE.

configure:3191: $? = 0
configure:3180: g++ -v >&5
Using built-in specs.
COLLECT_GCC=g++
COLLECT_LTO_WRAPPER=/usr/lib/gcc/x86_64-linux-gnu/8/lto-wrapper
OFFLOAD_TARGET_NAMES=nvptx-none
OFFLOAD_TARGET_DEFAULT=1
Target: x86_64-linux-gnu
Configured with: ../src/configure -v --with-pkgversion='Ubuntu 8.3.0-6ubuntu1' --with-bugurl=file:///usr/share/doc/gcc-8/README.Bugs --enable-languages=c,ada,c++,go,brig,d,fortran,objc,obj-c++ --prefix=/usr --with-gcc-major-version-only --program-suffix=-8 --program-prefix=x86_64-linux-gnu- --enable-shared --enable-linker-build-id --libexecdir=/usr/lib --without-included-gettext --enable-threads=posix --libdir=/usr/lib --enable-nls --enable-bootstrap --enable-clocale=gnu --enable-libstdcxx-debug --enable-libstdcxx-time=yes --with-default-libstdcxx-abi=new --enable-gnu-unique-object --disable-vtable-verify --enable-libmpx --enable-plugin --enable-default-pie --with-system-zlib --with-target-system-zlib --enable-objc-gc=auto --enable-multiarch --disable-werror --with-arch-32=i686 --with-abi=m64 --with-multilib-list=m32,m64,mx32 --enable-multilib --with-tune=generic --enable-offload-targets=nvptx-none --without-cuda-driver --enable-checking=release --build=x86_64-linux-gnu --host=x86_64-linux-gnu --target=x86_64-linux-gnu
Thread model: posix
gcc version 8.3.0 (Ubuntu 8.3.0-6ubuntu1) 
configure:3191: $? = 0
configure:3180: g++ -V >&5
g++: error: unrecognized command line option '-V'
g++: fatal error: no input files
compilation terminated.
configure:3191: $? = 1
configure:3180: g++ -qversion >&5
g++: error: unrecognized command line option '-qversion'; did you mean '--version'?
g++: fatal error: no input files
compilation terminated.
configure:3191: $? = 1
configure:3211: checking whether the C++ compiler works
configure:3233: g++    conftest.cpp  >&5
configure:3237: $? = 0
configure:3285: result: yes
configure:3288: checking for C++ compiler default output file name
configure:3290: result: a.out
configure:3296: checking for suffix of executables
configure:3303: g++ -o conftest    conftest.cpp  >&5
configure:3307: $? = 0
configure:3329: result: 
configure:3351: checking whether we are cross compiling
configure:3359: g++ -o conftest    conftest.cpp  >&5
configure:3363: $? = 0
configure:3370: ./conftest
configure:3374: $? = 0
configure:3362: result: no
configure:3367: checking for suffix of object files
configure:3389: g++ -c   conftest.cpp >&5
configure:3393: $? = 0
configure:3414: result: o
configure:3418: checking whether we are using the GNU C++ compiler
configure:3437: g++ -c   conftest.cpp >&5
configure:3437: $? = 0
configure:3446: result: yes
configure:3455: checking whether g++ accepts -g
configure:3475: g++ -c -g  conftest.cpp >&5
configure:3475: $? = 0
configure:3516: result: yes
configure:3542: checking whether make supports the include directive
configure:3557: make -f confmf.GNU && cat confinc.out
this is the am__doit target
configure:3560: $? = 0
configure:3579: result: yes (GNU style)
configure:3604: checking dependency style of g++
configure:3715: result: gcc3
configure:3790: checking for gcc
configure:3806: found /usr/bin/gcc
configure:3817: result: gcc
configure:4046: checking for C compiler version
configure:4055: gcc --version >&5
gcc (Ubuntu 8.3.0-6ubuntu1) 8.3.0
Copyright (C) 2018 Free Software Foundation, Inc.
This is free software; see the source for copying conditions.  There is NO
warranty; not even for MERCHANTABILITY or FITNESS FOR A PARTICULAR PURPOSE.

configure:4066: $? = 0
configure:4055: gcc -v >&5
Using built-in specs.
COLLECT_GCC=gcc
COLLECT_LTO_WRAPPER=/usr/lib/gcc/x86_64-linux-gnu/8/lto-wrapper
OFFLOAD_TARGET_NAMES=nvptx-none
OFFLOAD_TARGET_DEFAULT=1
Target: x86_64-linux-gnu
Configured with: ../src/configure -v --with-pkgversion='Ubuntu 8.3.0-6ubuntu1' --with-bugurl=file:///usr/share/doc/gcc-8/README.Bugs --enable-languages=c,ada,c++,go,brig,d,fortran,objc,obj-c++ --prefix=/usr --with-gcc-major-version-only --program-suffix=-8 --program-prefix=x86_64-linux-gnu- --enable-shared --enable-linker-build-id --libexecdir=/usr/lib --without-included-gettext --enable-threads=posix --libdir=/usr/lib --enable-nls --enable-bootstrap --enable-clocale=gnu --enable-libstdcxx-debug --enable-libstdcxx-time=yes --with-default-libstdcxx-abi=new --enable-gnu-unique-object --disable-vtable-verify --enable-libmpx --enable-plugin --enable-default-pie --with-system-zlib --with-target-system-zlib --enable-objc-gc=auto --enable-multiarch --disable-werror --with-arch-32=i686 --with-abi=m64 --with-multilib-list=m32,m64,mx32 --enable-multilib --with-tune=generic --enable-offload-targets=nvptx-none --without-cuda-driver --enable-checking=release --build=x86_64-linux-gnu --host=x86_64-linux-gnu --target=x86_64-linux-gnu
Thread model: posix
gcc version 8.3.0 (Ubuntu 8.3.0-6ubuntu1) 
configure:4066: $? = 0
configure:4055: gcc -V >&5
gcc: error: unrecognized command line option '-V'
gcc: fatal error: no input files
compilation terminated.
configure:4066: $? = 1
configure:4055: gcc -qversion >&5
gcc: error: unrecognized command line option '-qversion'; did you mean '--version'?
gcc: fatal error: no input files
compilation terminated.
configure:4066: $? = 1
configure:4070: checking whether we are using the GNU C compiler
configure:4089: gcc -c   conftest.c >&5
configure:4089: $? = 0
configure:4098: result: yes
configure:4107: checking whether gcc accepts -g
configure:4127: gcc -c -g  conftest.c >&5
configure:4127: $? = 0
configure:4168: result: yes
configure:4185: checking for gcc option to accept ISO C89
configure:4248: gcc  -c -g -O2  conftest.c >&5
configure:4248: $? = 0
configure:4261: result: none needed
configure:4286: checking whether gcc understands -c and -o together
configure:4308: gcc -c conftest.c -o conftest2.o
configure:4311: $? = 0
configure:4308: gcc -c conftest.c -o conftest2.o
configure:4311: $? = 0
configure:4323: result: yes
configure:4342: checking dependency style of gcc
configure:4453: result: gcc3
configure:4481: checking how to run the C++ preprocessor
configure:4508: g++ -E  conftest.cpp
configure:4508: $? = 0
configure:4522: g++ -E  conftest.cpp
conftest.cpp:11:10: fatal error: ac_nonexistent.h: No such file or directory
 #include <ac_nonexistent.h>
          ^~~~~~~~~~~~~~~~~~
compilation terminated.
configure:4522: $? = 1
configure: failed program was:
| /* confdefs.h */
| #define PACKAGE_NAME "GNU Aspell"
| #define PACKAGE_TARNAME "aspell"
| #define PACKAGE_VERSION "0.60"
| #define PACKAGE_STRING "GNU Aspell 0.60"
| #define PACKAGE_BUGREPORT ""
| #define PACKAGE_URL "http://www.gnu.org/software/aspell/"
| #define PACKAGE "aspell"
| #define VERSION "0.60"
| /* end confdefs.h.  */
| #include <ac_nonexistent.h>
configure:4547: result: g++ -E
configure:4567: g++ -E  conftest.cpp
configure:4567: $? = 0
configure:4581: g++ -E  conftest.cpp
conftest.cpp:11:10: fatal error: ac_nonexistent.h: No such file or directory
 #include <ac_nonexistent.h>
          ^~~~~~~~~~~~~~~~~~
compilation terminated.
configure:4581: $? = 1
configure: failed program was:
| /* confdefs.h */
| #define PACKAGE_NAME "GNU Aspell"
| #define PACKAGE_TARNAME "aspell"
| #define PACKAGE_VERSION "0.60"
| #define PACKAGE_STRING "GNU Aspell 0.60"
| #define PACKAGE_BUGREPORT ""
| #define PACKAGE_URL "http://www.gnu.org/software/aspell/"
| #define PACKAGE "aspell"
| #define VERSION "0.60"
| /* end confdefs.h.  */
| #include <ac_nonexistent.h>
configure:4610: checking for grep that handles long lines and -e
configure:4668: result: /bin/grep
configure:4673: checking for egrep
configure:4735: result: /bin/grep -E
configure:4740: checking for ANSI C header files
configure:4760: g++ -c -g -O2 -fno-exceptions  conftest.cpp >&5
configure:4760: $? = 0
configure:4833: g++ -o conftest -g -O2 -fno-exceptions   conftest.cpp  >&5
configure:4833: $? = 0
configure:4833: ./conftest
configure:4833: $? = 0
configure:4844: result: yes
configure:4857: checking for sys/types.h
configure:4857: g++ -c -g -O2 -fno-exceptions  conftest.cpp >&5
configure:4857: $? = 0
configure:4857: result: yes
configure:4857: checking for sys/stat.h
configure:4857: g++ -c -g -O2 -fno-exceptions  conftest.cpp >&5
configure:4857: $? = 0
configure:4857: result: yes
configure:4857: checking for stdlib.h
configure:4857: g++ -c -g -O2 -fno-exceptions  conftest.cpp >&5
configure:4857: $? = 0
configure:4857: result: yes
configure:4857: checking for string.h
configure:4857: g++ -c -g -O2 -fno-exceptions  conftest.cpp >&5
configure:4857: $? = 0
configure:4857: result: yes
configure:4857: checking for memory.h
configure:4857: g++ -c -g -O2 -fno-exceptions  conftest.cpp >&5
configure:4857: $? = 0
configure:4857: result: yes
configure:4857: checking for strings.h
configure:4857: g++ -c -g -O2 -fno-exceptions  conftest.cpp >&5
configure:4857: $? = 0
configure:4857: result: yes
configure:4857: checking for inttypes.h
configure:4857: g++ -c -g -O2 -fno-exceptions  conftest.cpp >&5
configure:4857: $? = 0
configure:4857: result: yes
configure:4857: checking for stdint.h
configure:4857: g++ -c -g -O2 -fno-exceptions  conftest.cpp >&5
configure:4857: $? = 0
configure:4857: result: yes
configure:4857: checking for unistd.h
configure:4857: g++ -c -g -O2 -fno-exceptions  conftest.cpp >&5
configure:4857: $? = 0
configure:4857: result: yes
configure:4871: checking dlfcn.h usability
configure:4871: g++ -c -g -O2 -fno-exceptions  conftest.cpp >&5
configure:4871: $? = 0
configure:4871: result: yes
configure:4871: checking dlfcn.h presence
configure:4871: g++ -E  conftest.cpp
configure:4871: $? = 0
configure:4871: result: yes
configure:4871: checking for dlfcn.h
configure:4871: result: yes
configure:4883: checking for dlopen in -ldl
configure:4908: g++ -o conftest -g -O2 -fno-exceptions   conftest.cpp -ldl   >&5
configure:4908: $? = 0
configure:4917: result: yes
configure:4934: checking for sed
configure:4950: found /bin/sed
configure:4961: result: sed
configure:4971: checking for perl
configure:4989: found /usr/bin/perl
configure:5001: result: /usr/bin/perl
configure:5064: checking whether NLS is requested
configure:5073: result: yes
configure:5111: checking for msgfmt
configure:5142: result: /usr/bin/msgfmt
configure:5151: checking for gmsgfmt
configure:5182: result: /usr/bin/msgfmt
configure:5222: checking for xgettext
configure:5253: result: /usr/bin/xgettext
configure:5293: checking for msgmerge
configure:5323: result: /usr/bin/msgmerge
configure:5398: checking for ld used by GCC
configure:5462: result: /usr/bin/ld
configure:5469: checking if the linker (/usr/bin/ld) is GNU ld
configure:5482: result: yes
configure:5488: checking for shared library run path origin
configure:5501: result: done
configure:5917: checking whether NLS is requested
configure:5926: result: yes
configure:5944: checking for GNU gettext in libc
configure:5963: g++ -o conftest -g -O2 -fno-exceptions   conftest.cpp -ldl  >&5
conftest.cpp: In function 'int main()':
conftest.cpp:30:25: error: cast from 'char*' to 'int' loses precision [-fpermissive]
 return (int) gettext ("") + _nl_msg_cat_cntr + *_nl_domain_bindings
                         ^
configure:5963: $? = 1
configure: failed program was:
| /* confdefs.h */
| #define PACKAGE_NAME "GNU Aspell"
| #define PACKAGE_TARNAME "aspell"
| #define PACKAGE_VERSION "0.60"
| #define PACKAGE_STRING "GNU Aspell 0.60"
| #define PACKAGE_BUGREPORT ""
| #define PACKAGE_URL "http://www.gnu.org/software/aspell/"
| #define PACKAGE "aspell"
| #define VERSION "0.60"
| #define STDC_HEADERS 1
| #define HAVE_SYS_TYPES_H 1
| #define HAVE_SYS_STAT_H 1
| #define HAVE_STDLIB_H 1
| #define HAVE_STRING_H 1
| #define HAVE_MEMORY_H 1
| #define HAVE_STRINGS_H 1
| #define HAVE_INTTYPES_H 1
| #define HAVE_STDINT_H 1
| #define HAVE_UNISTD_H 1
| #define HAVE_DLFCN_H 1
| #define HAVE_LIBDL 1
| /* end confdefs.h.  */
| #include <libintl.h>
| extern int _nl_msg_cat_cntr;
| extern int *_nl_domain_bindings;
| int
| main ()
| {
| bindtextdomain ("", "");
| return (int) gettext ("") + _nl_msg_cat_cntr + *_nl_domain_bindings
|   ;
|   return 0;
| }
configure:5971: result: no
configure:6005: checking for iconv
configure:6027: g++ -o conftest -g -O2 -fno-exceptions   conftest.cpp -ldl  >&5
configure:6027: $? = 0
configure:6059: result: yes
configure:6458: checking for GNU gettext in libintl
configure:6485: g++ -o conftest -g -O2 -fno-exceptions    conftest.cpp -ldl  -lintl >&5
conftest.cpp: In function 'int main()':
conftest.cpp:35:25: error: cast from 'char*' to 'int' loses precision [-fpermissive]
 return (int) gettext ("") + _nl_msg_cat_cntr + *_nl_expand_alias (0)
                         ^
conftest.cpp:35:68: error: too many arguments to function 'const char* _nl_expand_alias()'
 return (int) gettext ("") + _nl_msg_cat_cntr + *_nl_expand_alias (0)
                                                                    ^
conftest.cpp:30:13: note: declared here
 const char *_nl_expand_alias ();
             ^~~~~~~~~~~~~~~~
configure:6485: $? = 1
configure: failed program was:
| /* confdefs.h */
| #define PACKAGE_NAME "GNU Aspell"
| #define PACKAGE_TARNAME "aspell"
| #define PACKAGE_VERSION "0.60"
| #define PACKAGE_STRING "GNU Aspell 0.60"
| #define PACKAGE_BUGREPORT ""
| #define PACKAGE_URL "http://www.gnu.org/software/aspell/"
| #define PACKAGE "aspell"
| #define VERSION "0.60"
| #define STDC_HEADERS 1
| #define HAVE_SYS_TYPES_H 1
| #define HAVE_SYS_STAT_H 1
| #define HAVE_STDLIB_H 1
| #define HAVE_STRING_H 1
| #define HAVE_MEMORY_H 1
| #define HAVE_STRINGS_H 1
| #define HAVE_INTTYPES_H 1
| #define HAVE_STDINT_H 1
| #define HAVE_UNISTD_H 1
| #define HAVE_DLFCN_H 1
| #define HAVE_LIBDL 1
| #define HAVE_ICONV 1
| /* end confdefs.h.  */
| #include <libintl.h>
| extern int _nl_msg_cat_cntr;
| extern
| #ifdef __cplusplus
| "C"
| #endif
| const char *_nl_expand_alias ();
| int
| main ()
| {
| bindtextdomain ("", "");
| return (int) gettext ("") + _nl_msg_cat_cntr + *_nl_expand_alias (0)
|   ;
|   return 0;
| }
configure:6524: result: no
configure:6551: checking whether to use NLS
configure:6553: result: no
configure:6644: checking for dlfcn.h
configure:6644: result: yes
configure:6654: checking for dlopen in -ldl
configure:6688: result: yes
configure:6706: checking if file locking and truncating is supported
configure:6723: g++ -o conftest -g -O2 -fno-exceptions   conftest.cpp -ldl -ldl  >&5
conftest.cpp: In function 'int main()':
conftest.cpp:34:13: warning: ignoring return value of 'int ftruncate(int, __off_t)', declared with attribute warn_unused_result [-Wunused-result]
    ftruncate(fd,0);
    ~~~~~~~~~^~~~~~
configure:6723: $? = 0
configure:6724: result: yes
configure:6737: checking if mmap and friends is supported
configure:6753: g++ -o conftest -g -O2 -fno-exceptions   conftest.cpp -ldl -ldl  >&5
configure:6753: $? = 0
configure:6754: result: yes
configure:6766: checking if file ino is supported
configure:6795: g++ -o conftest -g -O2 -fno-exceptions   conftest.cpp -ldl -ldl  >&5
conftest.cpp: In function 'int main()':
conftest.cpp:31:40: error: 'exit' was not declared in this scope
      if (stat("conftest-f1",&s1) != 0) exit(2);
                                        ^~~~
conftest.cpp:32:40: error: 'exit' was not declared in this scope
      if (stat("conftest-f2",&s2) != 0) exit(2);
                                        ^~~~
conftest.cpp:33:6: error: 'exit' was not declared in this scope
      exit (s1.st_ino != s2.st_ino ? 0 : 1);
      ^~~~
configure:6795: $? = 1
configure: program exited with status 1
configure: failed program was:
| /* confdefs.h */
| #define PACKAGE_NAME "GNU Aspell"
| #define PACKAGE_TARNAME "aspell"
| #define PACKAGE_VERSION "0.60"
| #define PACKAGE_STRING "GNU Aspell 0.60"
| #define PACKAGE_BUGREPORT ""
| #define PACKAGE_URL "http://www.gnu.org/software/aspell/"
| #define PACKAGE "aspell"
| #define VERSION "0.60"
| #define STDC_HEADERS 1
| #define HAVE_SYS_TYPES_H 1
| #define HAVE_SYS_STAT_H 1
| #define HAVE_STDLIB_H 1
| #define HAVE_STRING_H 1
| #define HAVE_MEMORY_H 1
| #define HAVE_STRINGS_H 1
| #define HAVE_INTTYPES_H 1
| #define HAVE_STDINT_H 1
| #define HAVE_UNISTD_H 1
| #define HAVE_DLFCN_H 1
| #define HAVE_LIBDL 1
| #define HAVE_ICONV 1
| #define HAVE_DLFCN_H 1
| #define HAVE_LIBDL 1
| #define USE_FILE_LOCKS 1
| #define HAVE_MMAP 1
| /* end confdefs.h.  */
| #include <sys/stat.h>
|    int main() {
|      struct stat s1,s2;
|      if (stat("conftest-f1",&s1) != 0) exit(2);
|      if (stat("conftest-f2",&s2) != 0) exit(2);
|      exit (s1.st_ino != s2.st_ino ? 0 : 1);
|    }
| 
configure:6803: result: no
configure:6811: checking if posix locals are supported
configure:6825: g++ -c -g -O2 -fno-exceptions  conftest.cpp >&5
configure:6825: $? = 0
configure:6826: result: yes
configure:6870: checking for nl_langinfo and CODESET
configure:6886: g++ -o conftest -g -O2 -fno-exceptions   conftest.cpp -ldl -ldl  >&5
configure:6886: $? = 0
configure:6895: result: yes
configure:6912: checking if posix mutexes are supported
configure:6937: g++ -o conftest -g -O2 -fno-exceptions   conftest.cpp  -ldl -ldl  >&5
configure:6937: $? = 0
configure:6952: result: yes
configure:6975: checking if mblen is supported
configure:6990: g++ -o conftest -g -O2 -fno-exceptions   conftest.cpp -ldl -ldl  >&5
configure:6990: $? = 0
configure:6991: result: yes
configure:7033: checking for working curses library
configure:7048: g++ -o conftest -g -O2 -fno-exceptions    conftest.cpp -lncursesw -ldl -ldl  >&5
configure:7048: $? = 0
configure:7147: result: found in -lncursesw
configure:7166: checking for wide character support in curses libraray
configure:7184: g++ -o conftest -g -O2 -fno-exceptions    conftest.cpp -lncursesw -ldl -ldl  >&5
configure:7184: $? = 0
configure:7185: result: yes
configure:7205: checking if standard curses include sequence will work
configure:7222: g++ -o conftest -g -O2 -fno-exceptions    conftest.cpp -lncursesw -ldl -ldl  >&5
configure:7222: $? = 0
configure:7223: result: yes
configure:7392: checking for STL rel_ops pollution
configure:7415: g++ -c -g -O2 -fno-exceptions  conftest.cpp >&5
configure:7415: $? = 0
configure:7416: result: no
configure:7537: checking that generated files are newer than configure
configure:7543: result: done
configure:7586: creating ./config.status

## ---------------------- ##
## Running config.status. ##
## ---------------------- ##

This file was extended by GNU Aspell config.status 0.60, which was
generated by GNU Autoconf 2.69.  Invocation command line was

  CONFIG_FILES    = 
  CONFIG_HEADERS  = 
  CONFIG_LINKS    = 
  CONFIG_COMMANDS = 
  $ ./config.status 

on ubuvb

config.status:942: creating Makefile
config.status:1050: WARNING:  'Makefile.in' seems to ignore the --datarootdir setting
config.status:942: creating gen/Makefile
config.status:942: creating common/Makefile
config.status:942: creating lib/Makefile
config.status:942: creating data/Makefile
config.status:942: creating m4/Makefile
config.status:942: creating auto/Makefile
config.status:942: creating modules/Makefile
config.status:942: creating modules/tokenizer/Makefile
config.status:942: creating modules/speller/Makefile
config.status:942: creating modules/speller/default/Makefile
config.status:942: creating interfaces/Makefile
config.status:942: creating interfaces/cc/Makefile
config.status:942: creating scripts/Makefile
config.status:942: creating examples/Makefile
config.status:1050: WARNING:  'examples/Makefile.in' seems to ignore the --datarootdir setting
config.status:942: creating prog/Makefile
config.status:942: creating manual/Makefile
config.status:1050: WARNING:  'manual/Makefile.in' seems to ignore the --datarootdir setting
config.status:942: creating po/Makefile.in
config.status:1050: WARNING:  'po/Makefile.in.in' seems to ignore the --datarootdir setting
config.status:942: creating modules/filter/Makefile
config.status:942: creating myspell/Makefile
config.status:1050: WARNING:  'myspell/Makefile.in' seems to ignore the --datarootdir setting
config.status:942: creating lib5/Makefile
config.status:1050: WARNING:  'lib5/Makefile.in' seems to ignore the --datarootdir setting
config.status:942: creating gen/settings.h
config.status:1171: executing depfiles commands
config.status:1171: executing default-1 commands

## ---------------- ##
## Cache variables. ##
## ---------------- ##

ac_cv_build=x86_64-unknown-linux-gnu
ac_cv_c_compiler_gnu=yes
ac_cv_cxx_compiler_gnu=yes
ac_cv_env_CCC_set=
ac_cv_env_CCC_value=
ac_cv_env_CC_set=
ac_cv_env_CC_value=
ac_cv_env_CFLAGS_set=
ac_cv_env_CFLAGS_value=
ac_cv_env_CPPFLAGS_set=
ac_cv_env_CPPFLAGS_value=
ac_cv_env_CXXCPP_set=
ac_cv_env_CXXCPP_value=
ac_cv_env_CXXFLAGS_set=
ac_cv_env_CXXFLAGS_value=
ac_cv_env_CXX_set=
ac_cv_env_CXX_value=
ac_cv_env_LDFLAGS_set=
ac_cv_env_LDFLAGS_value=
ac_cv_env_LIBS_set=
ac_cv_env_LIBS_value=
ac_cv_env_build_alias_set=
ac_cv_env_build_alias_value=
ac_cv_env_host_alias_set=
ac_cv_env_host_alias_value=
ac_cv_env_target_alias_set=
ac_cv_env_target_alias_value=
ac_cv_header_dlfcn_h=yes
ac_cv_header_inttypes_h=yes
ac_cv_header_memory_h=yes
ac_cv_header_stdc=yes
ac_cv_header_stdint_h=yes
ac_cv_header_stdlib_h=yes
ac_cv_header_string_h=yes
ac_cv_header_strings_h=yes
ac_cv_header_sys_stat_h=yes
ac_cv_header_sys_types_h=yes
ac_cv_header_unistd_h=yes
ac_cv_host=x86_64-unknown-linux-gnu
ac_cv_lib_dl_dlopen=yes
ac_cv_objext=o
ac_cv_path_EGREP='/bin/grep -E'
ac_cv_path_GMSGFMT=/usr/bin/msgfmt
ac_cv_path_GREP=/bin/grep
ac_cv_path_MSGFMT=/usr/bin/msgfmt
ac_cv_path_MSGMERGE=/usr/bin/msgmerge
ac_cv_path_PERLPROG=/usr/bin/perl
ac_cv_path_XGETTEXT=/usr/bin/xgettext
ac_cv_path_install='/usr/bin/install -c'
ac_cv_path_mkdir=/bin/mkdir
ac_cv_prog_AWK=mawk
ac_cv_prog_CXXCPP='g++ -E'
ac_cv_prog_SED=sed
ac_cv_prog_ac_ct_CC=gcc
ac_cv_prog_ac_ct_CXX=g++
ac_cv_prog_cc_c89=
ac_cv_prog_cc_g=yes
ac_cv_prog_cxx_g=yes
ac_cv_prog_make_make_set=yes
ac_cv_target=x86_64-unknown-linux-gnu
acl_cv_hardcode_direct=no
acl_cv_hardcode_libdir_flag_spec='${wl}-rpath ${wl}$libdir'
acl_cv_hardcode_libdir_separator=
acl_cv_hardcode_minus_L=no
acl_cv_libext=a
acl_cv_path_LD=/usr/bin/ld
acl_cv_prog_gnu_ld=yes
acl_cv_rpath=done
acl_cv_shlibext=so
acl_cv_wl=-Wl,
am_cv_CC_dependencies_compiler_type=gcc3
am_cv_CXX_dependencies_compiler_type=gcc3
am_cv_func_iconv=yes
am_cv_langinfo_codeset=yes
am_cv_lib_iconv=no
am_cv_make_support_nested_variables=yes
am_cv_prog_cc_c_o=yes
gt_cv_func_gnugettext1_libc=no
gt_cv_func_gnugettext1_libintl=no

## ----------------- ##
## Output variables. ##
## ----------------- ##

ACLOCAL='aclocal-1.16'
AMDEPBACKSLASH='\'
AMDEP_FALSE='#'
AMDEP_TRUE=''
AMTAR='$${TAR-tar}'
AM_BACKSLASH='\'
AM_DEFAULT_V='$(AM_DEFAULT_VERBOSITY)'
AM_DEFAULT_VERBOSITY='1'
AM_V='$(V)'
AUTOCONF='autoconf'
AUTOHEADER='autoheader'
AUTOMAKE='automake-1.16'
AWK='mawk'
CC='gcc'
CCDEPMODE='depmode=gcc3'
CFLAGS='-g -O2'
COMPILE_IN_FILTERS_FALSE=''
COMPILE_IN_FILTERS_TRUE='#'
CPPFLAGS=''
CURSES_INCLUDE=''
CURSES_LIB='-lncursesw'
CXX='g++'
CXXCPP='g++ -E'
CXXDEPMODE='depmode=gcc3'
CXXFLAGS='-g -O2 -fno-exceptions'
CYGPATH_W='echo'
DEFS='-DHAVE_CONFIG_H'
DEPDIR='.deps'
ECHO_C=''
ECHO_N='-n'
ECHO_T=''
EGREP='/bin/grep -E'
EXEEXT=''
GMSGFMT='/usr/bin/msgfmt'
GREP='/bin/grep'
INCREMENTED_SONAME_FALSE=''
INCREMENTED_SONAME_TRUE='#'
INSTALL_DATA='${INSTALL} -m 644'
INSTALL_PROGRAM='${INSTALL}'
INSTALL_SCRIPT='${INSTALL}'
INSTALL_STRIP_PROGRAM='$(install_sh) -c -s'
INTLLIBS=''
LDFLAGS=''
LIBICONV=''
LIBINTL=''
LIBOBJS=''
LIBS='-ldl -ldl '
LTLIBICONV=''
LTLIBINTL=''
LTLIBOBJS=''
MAINT='#'
MAINTAINER_MODE_FALSE=''
MAINTAINER_MODE_TRUE='#'
MAKEINFO='makeinfo'
MKDIR_P='/bin/mkdir -p'
MKINSTALLDIRS='$(top_builddir)/./mkinstalldirs'
MSGFMT='/usr/bin/msgfmt'
MSGMERGE='/usr/bin/msgmerge'
OBJEXT='o'
PACKAGE='aspell'
PACKAGE_BUGREPORT=''
PACKAGE_NAME='GNU Aspell'
PACKAGE_STRING='GNU Aspell 0.60'
PACKAGE_TARNAME='aspell'
PACKAGE_URL='http://www.gnu.org/software/aspell/'
PACKAGE_VERSION='0.60'
PATH_SEPARATOR=':'
PERLPROG='/usr/bin/perl'
POSUB=''
PSPELL_COMPATIBILITY_FALSE='#'
PSPELL_COMPATIBILITY_TRUE=''
PTHREAD_LIB=''
SED='sed'
SET_MAKE=''
SHELL='/bin/bash'
STRIP=''
USE_NLS='no'
VERSION='0.60'
XGETTEXT='/usr/bin/xgettext'
ac_ct_CC='gcc'
ac_ct_CXX='g++'
am__EXEEXT_FALSE=''
am__EXEEXT_TRUE='#'
am__fastdepCC_FALSE='#'
am__fastdepCC_TRUE=''
am__fastdepCXX_FALSE='#'
am__fastdepCXX_TRUE=''
am__include='include'
am__isrc=''
am__leading_dot='.'
am__nodep='_no'
am__quote=''
am__tar='$${TAR-tar} chof - "$$tardir"'
am__untar='$${TAR-tar} xf -'
bindir='${exec_prefix}/bin'
build='x86_64-unknown-linux-gnu'
build_alias=''
build_cpu='x86_64'
build_os='linux-gnu'
build_vendor='unknown'
datadir='${datarootdir}'
datarootdir='${prefix}/share'
docdir='${datarootdir}/doc/${PACKAGE_TARNAME}'
dvidir='${docdir}'
exec_prefix='${prefix}'
host='x86_64-unknown-linux-gnu'
host_alias=''
host_cpu='x86_64'
host_os='linux-gnu'
host_vendor='unknown'
htmldir='${docdir}'
includedir='${prefix}/include'
infodir='${datarootdir}/info'
install_sh='${SHELL} /home/peterglen/peterglen/pgpygtk/spellcrypt/aspell-0.60/install-sh'
libdir='${exec_prefix}/lib'
libexecdir='${exec_prefix}/libexec'
localedir='${datarootdir}/locale'
localstatedir='${prefix}/var'
mandir='${datarootdir}/man'
mkdir_p='$(MKDIR_P)'
oldincludedir='/usr/include'
pdfdir='${docdir}'
pkgdatadir='${libdir}/aspell-0.60'
pkgdocdir='${prefix}/share/doc/aspell'
pkglibdir='${libdir}/aspell-0.60'
prefix='/usr/local'
program_transform_name='s,x,x,'
psdir='${docdir}'
runstatedir='${localstatedir}/run'
sbindir='${exec_prefix}/sbin'
sharedstatedir='${prefix}/com'
sysconfdir='${prefix}/etc'
target='x86_64-unknown-linux-gnu'
target_alias=''
target_cpu='x86_64'
target_os='linux-gnu'
target_vendor='unknown'

## ----------- ##
## confdefs.h. ##
## ----------- ##

/* confdefs.h */
#define PACKAGE_NAME "GNU Aspell"
#define PACKAGE_TARNAME "aspell"
#define PACKAGE_VERSION "0.60"
#define PACKAGE_STRING "GNU Aspell 0.60"
#define PACKAGE_BUGREPORT ""
#define PACKAGE_URL "http://www.gnu.org/software/aspell/"
#define PACKAGE "aspell"
#define VERSION "0.60"
#define STDC_HEADERS 1
#define HAVE_SYS_TYPES_H 1
#define HAVE_SYS_STAT_H 1
#define HAVE_STDLIB_H 1
#define HAVE_STRING_H 1
#define HAVE_MEMORY_H 1
#define HAVE_STRINGS_H 1
#define HAVE_INTTYPES_H 1
#define HAVE_STDINT_H 1
#define HAVE_UNISTD_H 1
#define HAVE_DLFCN_H 1
#define HAVE_LIBDL 1
#define HAVE_ICONV 1
#define HAVE_DLFCN_H 1
#define HAVE_LIBDL 1
#define USE_FILE_LOCKS 1
#define HAVE_MMAP 1
#define USE_LOCALE 1
#define HAVE_LANGINFO_CODESET 1
#define USE_POSIX_MUTEX 1
#define HAVE_MBLEN 1
#define CURSES_HEADER <ncursesw/curses.h>
#define HAVE_WIDE_CURSES 1
#define HAVE_LIBCURSES 1
#define CURSES_INCLUDE_STANDARD 1
#define POSIX_TERMIOS 1

configure: exit 0
